# JRE version: Java(TM) SE Runtime Environment (15.0.1+9) (build 15.0.1+9-18)
# Java VM: Java HotSpot(TM) 64-Bit Server VM (15.0.1+9-18, mixed mode, sharing, tiered, compressed oops, g1 gc, windows-amd64)
GC Precious Log:
 CPUs: 2 total, 2 available
 Memory: 7369M
 Large Page Support: Disabled
 NUMA Support: Disabled
 Compressed Oops: Enabled (32-bit)
 Heap Region Size: 1M
 Heap Min Capacity: 8M
 Heap Initial Capacity: 116M
 Heap Max Capacity: 1536M
 Pre-touch: Disabled
 Parallel Workers: 2
 Concurrent Workers: 1
 Concurrent Refinement Workers: 2
 Periodic GC: Disabled
Heap:
 garbage-first heap   total 106496K, used 61476K [0x00000000a0000000, 0x0000000100000000)
  region size 1024K, 19 young (19456K), 3 survivors (3072K)
 Metaspace       used 37773K, capacity 38779K, committed 38912K, reserved 1083392K
  class space    used 4986K, capacity 5253K, committed 5376K, reserved 1048576K
GC Heap History (18 events):
Event: 1.526 GC heap before
{Heap before GC invocations=0 (full 0):
 garbage-first heap   total 118784K, used 6144K [0x00000000a0000000, 0x0000000100000000)
  region size 1024K, 6 young (6144K), 0 survivors (0K)
 Metaspace       used 750K, capacity 4737K, committed 4864K, reserved 1056768K
  class space    used 66K, capacity 427K, committed 512K, reserved 1048576K
}
Event: 1.632 GC heap after
{Heap after GC invocations=1 (full 0):
 garbage-first heap   total 118784K, used 1340K [0x00000000a0000000, 0x0000000100000000)
  region size 1024K, 1 young (1024K), 1 survivors (1024K)
 Metaspace       used 750K, capacity 4737K, committed 4864K, reserved 1056768K
  class space    used 66K, capacity 427K, committed 512K, reserved 1048576K
}
Event: 4.188 GC heap before
{Heap before GC invocations=1 (full 0):
 garbage-first heap   total 118784K, used 12604K [0x00000000a0000000, 0x0000000100000000)
  region size 1024K, 7 young (7168K), 1 survivors (1024K)
 Metaspace       used 1581K, capacity 5081K, committed 5120K, reserved 1056768K
  class space    used 151K, capacity 499K, committed 512K, reserved 1048576K
}
Event: 4.204 GC heap after
{Heap after GC invocations=2 (full 0):
 garbage-first heap   total 118784K, used 7835K [0x00000000a0000000, 0x0000000100000000)
  region size 1024K, 1 young (1024K), 1 survivors (1024K)
 Metaspace       used 1581K, capacity 5081K, committed 5120K, reserved 1056768K
  class space    used 151K, capacity 499K, committed 512K, reserved 1048576K
}
Event: 6.219 GC heap before
{Heap before GC invocations=2 (full 0):
 garbage-first heap   total 118784K, used 16027K [0x00000000a0000000, 0x0000000100000000)
  region size 1024K, 9 young (9216K), 1 survivors (1024K)
 Metaspace       used 3464K, capacity 6306K, committed 6400K, reserved 1056768K
  class space    used 428K, capacity 694K, committed 768K, reserved 1048576K
}
Event: 6.224 GC heap after
{Heap after GC invocations=3 (full 0):
 garbage-first heap   total 118784K, used 8520K [0x00000000a0000000, 0x0000000100000000)
  region size 1024K, 2 young (2048K), 2 survivors (2048K)
 Metaspace       used 3464K, capacity 6306K, committed 6400K, reserved 1056768K
  class space    used 428K, capacity 694K, committed 768K, reserved 1048576K
}
Event: 20.891 GC heap before
{Heap before GC invocations=3 (full 0):
 garbage-first heap   total 118784K, used 62792K [0x00000000a0000000, 0x0000000100000000)
  region size 1024K, 56 young (57344K), 2 survivors (2048K)
 Metaspace       used 10384K, capacity 10716K, committed 10752K, reserved 1058816K
  class space    used 1424K, capacity 1536K, committed 1536K, reserved 1048576K
}
Event: 20.919 GC heap after
{Heap after GC invocations=4 (full 0):
 garbage-first heap   total 118784K, used 15664K [0x00000000a0000000, 0x0000000100000000)
  region size 1024K, 7 young (7168K), 7 survivors (7168K)
 Metaspace       used 10384K, capacity 10716K, committed 10752K, reserved 1058816K
  class space    used 1424K, capacity 1536K, committed 1536K, reserved 1048576K
}
Event: 25.980 GC heap before
{Heap before GC invocations=4 (full 0):
 garbage-first heap   total 118784K, used 45360K [0x00000000a0000000, 0x0000000100000000)
  region size 1024K, 36 young (36864K), 7 survivors (7168K)
 Metaspace       used 16436K, capacity 16897K, committed 17024K, reserved 1064960K
  class space    used 2219K, capacity 2362K, committed 2432K, reserved 1048576K
}
Event: 26.004 GC heap after
{Heap after GC invocations=5 (full 0):
 garbage-first heap   total 118784K, used 17553K [0x00000000a0000000, 0x0000000100000000)
  region size 1024K, 2 young (2048K), 2 survivors (2048K)
 Metaspace       used 16436K, capacity 16897K, committed 17024K, reserved 1064960K
  class space    used 2219K, capacity 2362K, committed 2432K, reserved 1048576K
}
Event: 32.456 GC heap before
{Heap before GC invocations=5 (full 0):
 garbage-first heap   total 118784K, used 59537K [0x00000000a0000000, 0x0000000100000000)
  region size 1024K, 35 young (35840K), 2 survivors (2048K)
 Metaspace       used 20533K, capacity 21113K, committed 21248K, reserved 1067008K
  class space    used 2861K, capacity 3044K, committed 3072K, reserved 1048576K
}
Event: 32.506 GC heap after
{Heap after GC invocations=6 (full 0):
 garbage-first heap   total 118784K, used 29935K [0x00000000a0000000, 0x0000000100000000)
  region size 1024K, 5 young (5120K), 5 survivors (5120K)
 Metaspace       used 20533K, capacity 21113K, committed 21248K, reserved 1067008K
  class space    used 2861K, capacity 3044K, committed 3072K, reserved 1048576K
}
Event: 46.665 GC heap before
{Heap before GC invocations=7 (full 0):
 garbage-first heap   total 106496K, used 88303K [0x00000000a0000000, 0x0000000100000000)
  region size 1024K, 60 young (61440K), 5 survivors (5120K)
 Metaspace       used 31591K, capacity 32217K, committed 32384K, reserved 1077248K
  class space    used 4157K, capacity 4365K, committed 4480K, reserved 1048576K
}
Event: 46.715 GC heap after
{Heap after GC invocations=8 (full 0):
 garbage-first heap   total 106496K, used 34585K [0x00000000a0000000, 0x0000000100000000)
  region size 1024K, 8 young (8192K), 8 survivors (8192K)
 Metaspace       used 31591K, capacity 32217K, committed 32384K, reserved 1077248K
  class space    used 4157K, capacity 4365K, committed 4480K, reserved 1048576K
}
Event: 60.952 GC heap before
{Heap before GC invocations=8 (full 0):
 garbage-first heap   total 106496K, used 70425K [0x00000000a0000000, 0x0000000100000000)
  region size 1024K, 41 young (41984K), 8 survivors (8192K)
 Metaspace       used 34703K, capacity 35549K, committed 35628K, reserved 1081344K
  class space    used 4575K, capacity 4825K, committed 4864K, reserved 1048576K
}
Event: 60.998 GC heap after
{Heap after GC invocations=9 (full 0):
 garbage-first heap   total 106496K, used 43270K [0x00000000a0000000, 0x0000000100000000)
  region size 1024K, 5 young (5120K), 5 survivors (5120K)
 Metaspace       used 34703K, capacity 35549K, committed 35628K, reserved 1081344K
  class space    used 4575K, capacity 4825K, committed 4864K, reserved 1048576K
}
Event: 70.648 GC heap before
{Heap before GC invocations=10 (full 0):
 garbage-first heap   total 106496K, used 79110K [0x00000000a0000000, 0x0000000100000000)
  region size 1024K, 40 young (40960K), 5 survivors (5120K)
 Metaspace       used 37513K, capacity 38469K, committed 38528K, reserved 1083392K
  class space    used 4974K, capacity 5215K, committed 5248K, reserved 1048576K
}
Event: 70.671 GC heap after
{Heap after GC invocations=11 (full 0):
 garbage-first heap   total 106496K, used 46116K [0x00000000a0000000, 0x0000000100000000)
  region size 1024K, 3 young (3072K), 3 survivors (3072K)
 Metaspace       used 37513K, capacity 38469K, committed 38528K, reserved 1083392K
  class space    used 4974K, capacity 5215K, committed 5248K, reserved 1048576K
}

