# JRE version: Java(TM) SE Runtime Environment (15.0.1+9) (build 15.0.1+9-18)
# Java VM: Java HotSpot(TM) 64-Bit Server VM (15.0.1+9-18, mixed mode, sharing, tiered, compressed oops, g1 gc, windows-amd64)
GC Precious Log:
 CPUs: 2 total, 2 available
 Memory: 7369M
 Large Page Support: Disabled
 NUMA Support: Disabled
 Compressed Oops: Enabled (32-bit)
 Heap Region Size: 1M
 Heap Min Capacity: 8M
 Heap Initial Capacity: 116M
 Heap Max Capacity: 1536M
 Pre-touch: Disabled
 Parallel Workers: 2
 Concurrent Workers: 1
 Concurrent Refinement Workers: 2
 Periodic GC: Disabled
Heap:
 garbage-first heap   total 229376K, used 135168K [0x00000000a0000000, 0x0000000100000000)
  region size 1024K, 24 young (24576K), 2 survivors (2048K)
 Metaspace       used 83963K, capacity 85264K, committed 85504K, reserved 1124352K
  class space    used 10799K, capacity 11187K, committed 11264K, reserved 1048576K
GC Heap History (20 events):
Event: 108.053 GC heap before
{Heap before GC invocations=57 (full 0):
 garbage-first heap   total 148480K, used 116137K [0x00000000a0000000, 0x0000000100000000)
  region size 1024K, 33 young (33792K), 3 survivors (3072K)
 Metaspace       used 83006K, capacity 84385K, committed 84608K, reserved 1122304K
  class space    used 10694K, capacity 11089K, committed 11136K, reserved 1048576K
}
Event: 108.078 GC heap after
{Heap after GC invocations=58 (full 0):
 garbage-first heap   total 148480K, used 87240K [0x00000000a0000000, 0x0000000100000000)
  region size 1024K, 2 young (2048K), 2 survivors (2048K)
 Metaspace       used 83006K, capacity 84385K, committed 84608K, reserved 1122304K
  class space    used 10694K, capacity 11089K, committed 11136K, reserved 1048576K
}
Event: 108.887 GC heap before
{Heap before GC invocations=58 (full 0):
 garbage-first heap   total 148480K, used 89288K [0x00000000a0000000, 0x0000000100000000)
  region size 1024K, 6 young (6144K), 2 survivors (2048K)
 Metaspace       used 83097K, capacity 84449K, committed 84608K, reserved 1122304K
  class space    used 10695K, capacity 11089K, committed 11136K, reserved 1048576K
}
Event: 108.901 GC heap after
{Heap after GC invocations=59 (full 0):
 garbage-first heap   total 148480K, used 88332K [0x00000000a0000000, 0x0000000100000000)
  region size 1024K, 3 young (3072K), 3 survivors (3072K)
 Metaspace       used 83097K, capacity 84449K, committed 84608K, reserved 1122304K
  class space    used 10695K, capacity 11089K, committed 11136K, reserved 1048576K
}
Event: 110.768 GC heap before
{Heap before GC invocations=60 (full 0):
 garbage-first heap   total 150528K, used 96524K [0x00000000a0000000, 0x0000000100000000)
  region size 1024K, 11 young (11264K), 3 survivors (3072K)
 Metaspace       used 83368K, capacity 84641K, committed 84864K, reserved 1122304K
  class space    used 10713K, capacity 11088K, committed 11136K, reserved 1048576K
}
Event: 110.779 GC heap after
{Heap after GC invocations=61 (full 0):
 garbage-first heap   total 150528K, used 86853K [0x00000000a0000000, 0x0000000100000000)
  region size 1024K, 1 young (1024K), 1 survivors (1024K)
 Metaspace       used 83368K, capacity 84641K, committed 84864K, reserved 1122304K
  class space    used 10713K, capacity 11088K, committed 11136K, reserved 1048576K
}
Event: 112.671 GC heap before
{Heap before GC invocations=62 (full 0):
 garbage-first heap   total 150528K, used 116549K [0x00000000a0000000, 0x0000000100000000)
  region size 1024K, 29 young (29696K), 1 survivors (1024K)
 Metaspace       used 83950K, capacity 85252K, committed 85504K, reserved 1124352K
  class space    used 10797K, capacity 11185K, committed 11264K, reserved 1048576K
}
Event: 112.683 GC heap after
{Heap after GC invocations=63 (full 0):
 garbage-first heap   total 150528K, used 94051K [0x00000000a0000000, 0x0000000100000000)
  region size 1024K, 4 young (4096K), 4 survivors (4096K)
 Metaspace       used 83950K, capacity 85252K, committed 85504K, reserved 1124352K
  class space    used 10797K, capacity 11185K, committed 11264K, reserved 1048576K
}
Event: 112.708 GC heap before
{Heap before GC invocations=63 (full 0):
 garbage-first heap   total 150528K, used 97123K [0x00000000a0000000, 0x0000000100000000)
  region size 1024K, 7 young (7168K), 4 survivors (4096K)
 Metaspace       used 83950K, capacity 85252K, committed 85504K, reserved 1124352K
  class space    used 10797K, capacity 11185K, committed 11264K, reserved 1048576K
}
Event: 112.744 GC heap after
{Heap after GC invocations=64 (full 0):
 garbage-first heap   total 150528K, used 85473K [0x00000000a0000000, 0x0000000100000000)
  region size 1024K, 1 young (1024K), 1 survivors (1024K)
 Metaspace       used 83950K, capacity 85252K, committed 85504K, reserved 1124352K
  class space    used 10797K, capacity 11185K, committed 11264K, reserved 1048576K
}
Event: 113.251 GC heap before
{Heap before GC invocations=64 (full 0):
 garbage-first heap   total 150528K, used 116193K [0x00000000a0000000, 0x0000000100000000)
  region size 1024K, 31 young (31744K), 1 survivors (1024K)
 Metaspace       used 83950K, capacity 85252K, committed 85504K, reserved 1124352K
  class space    used 10797K, capacity 11185K, committed 11264K, reserved 1048576K
}
Event: 113.264 GC heap after
{Heap after GC invocations=65 (full 0):
 garbage-first heap   total 150528K, used 90624K [0x00000000a0000000, 0x0000000100000000)
  region size 1024K, 4 young (4096K), 4 survivors (4096K)
 Metaspace       used 83950K, capacity 85252K, committed 85504K, reserved 1124352K
  class space    used 10797K, capacity 11185K, committed 11264K, reserved 1048576K
}
Event: 113.969 GC heap before
{Heap before GC invocations=66 (full 0):
 garbage-first heap   total 178176K, used 119296K [0x00000000a0000000, 0x0000000100000000)
  region size 1024K, 32 young (32768K), 4 survivors (4096K)
 Metaspace       used 83950K, capacity 85252K, committed 85504K, reserved 1124352K
  class space    used 10797K, capacity 11185K, committed 11264K, reserved 1048576K
}
Event: 113.982 GC heap after
{Heap after GC invocations=67 (full 0):
 garbage-first heap   total 178176K, used 95232K [0x00000000a0000000, 0x0000000100000000)
  region size 1024K, 4 young (4096K), 4 survivors (4096K)
 Metaspace       used 83950K, capacity 85252K, committed 85504K, reserved 1124352K
  class space    used 10797K, capacity 11185K, committed 11264K, reserved 1048576K
}
Event: 114.941 GC heap before
{Heap before GC invocations=67 (full 0):
 garbage-first heap   total 178176K, used 137216K [0x00000000a0000000, 0x0000000100000000)
  region size 1024K, 45 young (46080K), 4 survivors (4096K)
 Metaspace       used 83963K, capacity 85264K, committed 85504K, reserved 1124352K
  class space    used 10799K, capacity 11187K, committed 11264K, reserved 1048576K
}
Event: 114.955 GC heap after
{Heap after GC invocations=68 (full 0):
 garbage-first heap   total 178176K, used 102400K [0x00000000a0000000, 0x0000000100000000)
  region size 1024K, 6 young (6144K), 6 survivors (6144K)
 Metaspace       used 83963K, capacity 85264K, committed 85504K, reserved 1124352K
  class space    used 10799K, capacity 11187K, committed 11264K, reserved 1048576K
}
Event: 116.052 GC heap before
{Heap before GC invocations=69 (full 0):
 garbage-first heap   total 178176K, used 140288K [0x00000000a0000000, 0x0000000100000000)
  region size 1024K, 43 young (44032K), 6 survivors (6144K)
 Metaspace       used 83963K, capacity 85264K, committed 85504K, reserved 1124352K
  class space    used 10799K, capacity 11187K, committed 11264K, reserved 1048576K
}
Event: 116.066 GC heap after
{Heap after GC invocations=70 (full 0):
 garbage-first heap   total 178176K, used 109409K [0x00000000a0000000, 0x0000000100000000)
  region size 1024K, 6 young (6144K), 6 survivors (6144K)
 Metaspace       used 83963K, capacity 85264K, committed 85504K, reserved 1124352K
  class space    used 10799K, capacity 11187K, committed 11264K, reserved 1048576K
}
Event: 116.196 GC heap before
{Heap before GC invocations=70 (full 0):
 garbage-first heap   total 178176K, used 114529K [0x00000000a0000000, 0x0000000100000000)
  region size 1024K, 12 young (12288K), 6 survivors (6144K)
 Metaspace       used 83963K, capacity 85264K, committed 85504K, reserved 1124352K
  class space    used 10799K, capacity 11187K, committed 11264K, reserved 1048576K
}
Event: 116.207 GC heap after
{Heap after GC invocations=71 (full 0):
 garbage-first heap   total 178176K, used 111616K [0x00000000a0000000, 0x0000000100000000)
  region size 1024K, 2 young (2048K), 2 survivors (2048K)
 Metaspace       used 83963K, capacity 85264K, committed 85504K, reserved 1124352K
  class space    used 10799K, capacity 11187K, committed 11264K, reserved 1048576K
}

