# JRE version: Java(TM) SE Runtime Environment (15.0.1+9) (build 15.0.1+9-18)
# Java VM: Java HotSpot(TM) 64-Bit Server VM (15.0.1+9-18, mixed mode, sharing, tiered, compressed oops, g1 gc, windows-amd64)
GC Precious Log:
 CPUs: 2 total, 2 available
 Memory: 7369M
 Large Page Support: Disabled
 NUMA Support: Disabled
 Compressed Oops: Enabled (32-bit)
 Heap Region Size: 1M
 Heap Min Capacity: 8M
 Heap Initial Capacity: 116M
 Heap Max Capacity: 1536M
 Pre-touch: Disabled
 Parallel Workers: 2
 Concurrent Workers: 1
 Concurrent Refinement Workers: 2
 Periodic GC: Disabled
Heap:
 garbage-first heap   total 406528K, used 273512K [0x00000000a0000000, 0x0000000100000000)
  region size 1024K, 142 young (145408K), 6 survivors (6144K)
 Metaspace       used 143049K, capacity 145456K, committed 145616K, reserved 1177600K
  class space    used 16689K, capacity 17347K, committed 17408K, reserved 1048576K
GC Heap History (20 events):
Event: 6973.443 GC heap before
{Heap before GC invocations=258 (full 0):
 garbage-first heap   total 507904K, used 395261K [0x00000000a0000000, 0x0000000100000000)
  region size 1024K, 135 young (138240K), 5 survivors (5120K)
 Metaspace       used 142773K, capacity 145165K, committed 145360K, reserved 1177600K
  class space    used 16680K, capacity 17314K, committed 17408K, reserved 1048576K
}
Event: 6973.461 GC heap after
{Heap after GC invocations=259 (full 0):
 garbage-first heap   total 507904K, used 262614K [0x00000000a0000000, 0x0000000100000000)
  region size 1024K, 5 young (5120K), 5 survivors (5120K)
 Metaspace       used 142773K, capacity 145165K, committed 145360K, reserved 1177600K
  class space    used 16680K, capacity 17314K, committed 17408K, reserved 1048576K
}
Event: 6977.674 GC heap before
{Heap before GC invocations=260 (full 0):
 garbage-first heap   total 507904K, used 305622K [0x00000000a0000000, 0x0000000100000000)
  region size 1024K, 144 young (147456K), 5 survivors (5120K)
 Metaspace       used 142826K, capacity 145232K, committed 145360K, reserved 1177600K
  class space    used 16681K, capacity 17315K, committed 17408K, reserved 1048576K
}
Event: 6977.695 GC heap after
{Heap after GC invocations=261 (full 0):
 garbage-first heap   total 507904K, used 163208K [0x00000000a0000000, 0x0000000100000000)
  region size 1024K, 5 young (5120K), 5 survivors (5120K)
 Metaspace       used 142826K, capacity 145232K, committed 145360K, reserved 1177600K
  class space    used 16681K, capacity 17315K, committed 17408K, reserved 1048576K
}
Event: 6978.056 GC heap before
{Heap before GC invocations=261 (full 0):
 garbage-first heap   total 507904K, used 182664K [0x00000000a0000000, 0x0000000100000000)
  region size 1024K, 24 young (24576K), 5 survivors (5120K)
 Metaspace       used 142827K, capacity 145232K, committed 145360K, reserved 1177600K
  class space    used 16681K, capacity 17315K, committed 17408K, reserved 1048576K
}
Event: 6978.216 GC heap after
{Heap after GC invocations=262 (full 0):
 garbage-first heap   total 507904K, used 120677K [0x00000000a0000000, 0x0000000100000000)
  region size 1024K, 2 young (2048K), 2 survivors (2048K)
 Metaspace       used 142827K, capacity 145232K, committed 145360K, reserved 1177600K
  class space    used 16681K, capacity 17315K, committed 17408K, reserved 1048576K
}
Event: 6979.656 GC heap before
{Heap before GC invocations=262 (full 0):
 garbage-first heap   total 507904K, used 181093K [0x00000000a0000000, 0x0000000100000000)
  region size 1024K, 62 young (63488K), 2 survivors (2048K)
 Metaspace       used 142855K, capacity 145232K, committed 145360K, reserved 1177600K
  class space    used 16681K, capacity 17315K, committed 17408K, reserved 1048576K
}
Event: 6979.680 GC heap after
{Heap after GC invocations=263 (full 0):
 garbage-first heap   total 507904K, used 121650K [0x00000000a0000000, 0x0000000100000000)
  region size 1024K, 3 young (3072K), 3 survivors (3072K)
 Metaspace       used 142855K, capacity 145232K, committed 145360K, reserved 1177600K
  class space    used 16681K, capacity 17315K, committed 17408K, reserved 1048576K
}
Event: 6987.963 GC heap before
{Heap before GC invocations=264 (full 0):
 garbage-first heap   total 406528K, used 389938K [0x00000000a0000000, 0x0000000100000000)
  region size 1024K, 264 young (270336K), 3 survivors (3072K)
 Metaspace       used 142946K, capacity 145328K, committed 145616K, reserved 1177600K
  class space    used 16684K, capacity 17347K, committed 17408K, reserved 1048576K
}
Event: 6988.010 GC heap after
{Heap after GC invocations=265 (full 0):
 garbage-first heap   total 406528K, used 133093K [0x00000000a0000000, 0x0000000100000000)
  region size 1024K, 14 young (14336K), 14 survivors (14336K)
 Metaspace       used 142946K, capacity 145328K, committed 145616K, reserved 1177600K
  class space    used 16684K, capacity 17347K, committed 17408K, reserved 1048576K
}
Event: 6993.704 GC heap before
{Heap before GC invocations=265 (full 0):
 garbage-first heap   total 406528K, used 331749K [0x00000000a0000000, 0x0000000100000000)
  region size 1024K, 208 young (212992K), 14 survivors (14336K)
 Metaspace       used 142968K, capacity 145392K, committed 145616K, reserved 1177600K
  class space    used 16688K, capacity 17347K, committed 17408K, reserved 1048576K
}
Event: 6993.744 GC heap after
{Heap after GC invocations=266 (full 0):
 garbage-first heap   total 406528K, used 131176K [0x00000000a0000000, 0x0000000100000000)
  region size 1024K, 2 young (2048K), 2 survivors (2048K)
 Metaspace       used 142968K, capacity 145392K, committed 145616K, reserved 1177600K
  class space    used 16688K, capacity 17347K, committed 17408K, reserved 1048576K
}
Event: 7000.234 GC heap before
{Heap before GC invocations=267 (full 0):
 garbage-first heap   total 406528K, used 337000K [0x00000000a0000000, 0x0000000100000000)
  region size 1024K, 203 young (207872K), 2 survivors (2048K)
 Metaspace       used 143001K, capacity 145392K, committed 145616K, reserved 1177600K
  class space    used 16688K, capacity 17347K, committed 17408K, reserved 1048576K
}
Event: 7000.261 GC heap after
{Heap after GC invocations=268 (full 0):
 garbage-first heap   total 406528K, used 133224K [0x00000000a0000000, 0x0000000100000000)
  region size 1024K, 4 young (4096K), 4 survivors (4096K)
 Metaspace       used 143001K, capacity 145392K, committed 145616K, reserved 1177600K
  class space    used 16688K, capacity 17347K, committed 17408K, reserved 1048576K
}
Event: 7005.245 GC heap before
{Heap before GC invocations=268 (full 0):
 garbage-first heap   total 406528K, used 341096K [0x00000000a0000000, 0x0000000100000000)
  region size 1024K, 207 young (211968K), 4 survivors (4096K)
 Metaspace       used 143011K, capacity 145392K, committed 145616K, reserved 1177600K
  class space    used 16688K, capacity 17347K, committed 17408K, reserved 1048576K
}
Event: 7005.288 GC heap after
{Heap after GC invocations=269 (full 0):
 garbage-first heap   total 406528K, used 136296K [0x00000000a0000000, 0x0000000100000000)
  region size 1024K, 7 young (7168K), 7 survivors (7168K)
 Metaspace       used 143011K, capacity 145392K, committed 145616K, reserved 1177600K
  class space    used 16688K, capacity 17347K, committed 17408K, reserved 1048576K
}
Event: 7007.327 GC heap before
{Heap before GC invocations=270 (full 0):
 garbage-first heap   total 406528K, used 184424K [0x00000000a0000000, 0x0000000100000000)
  region size 1024K, 56 young (57344K), 7 survivors (7168K)
 Metaspace       used 143017K, capacity 145392K, committed 145616K, reserved 1177600K
  class space    used 16689K, capacity 17347K, committed 17408K, reserved 1048576K
}
Event: 7007.356 GC heap after
{Heap after GC invocations=271 (full 0):
 garbage-first heap   total 406528K, used 134248K [0x00000000a0000000, 0x0000000100000000)
  region size 1024K, 6 young (6144K), 6 survivors (6144K)
 Metaspace       used 143017K, capacity 145392K, committed 145616K, reserved 1177600K
  class space    used 16689K, capacity 17347K, committed 17408K, reserved 1048576K
}
Event: 7011.798 GC heap before
{Heap before GC invocations=272 (full 0):
 garbage-first heap   total 406528K, used 220264K [0x00000000a0000000, 0x0000000100000000)
  region size 1024K, 91 young (93184K), 6 survivors (6144K)
 Metaspace       used 143036K, capacity 145456K, committed 145616K, reserved 1177600K
  class space    used 16689K, capacity 17347K, committed 17408K, reserved 1048576K
}
Event: 7011.828 GC heap after
{Heap after GC invocations=273 (full 0):
 garbage-first heap   total 406528K, used 134248K [0x00000000a0000000, 0x0000000100000000)
  region size 1024K, 6 young (6144K), 6 survivors (6144K)
 Metaspace       used 143036K, capacity 145456K, committed 145616K, reserved 1177600K
  class space    used 16689K, capacity 17347K, committed 17408K, reserved 1048576K
}

