# JRE version: Java(TM) SE Runtime Environment (15.0.1+9) (build 15.0.1+9-18)
# Java VM: Java HotSpot(TM) 64-Bit Server VM (15.0.1+9-18, mixed mode, sharing, tiered, compressed oops, g1 gc, windows-amd64)
GC Precious Log:
 CPUs: 2 total, 2 available
 Memory: 7369M
 Large Page Support: Disabled
 NUMA Support: Disabled
 Compressed Oops: Enabled (32-bit)
 Heap Region Size: 1M
 Heap Min Capacity: 8M
 Heap Initial Capacity: 116M
 Heap Max Capacity: 1536M
 Pre-touch: Disabled
 Parallel Workers: 2
 Concurrent Workers: 1
 Concurrent Refinement Workers: 2
 Periodic GC: Disabled
Heap:
 garbage-first heap   total 754688K, used 236023K [0x00000000a0000000, 0x0000000100000000)
  region size 1024K, 7 young (7168K), 7 survivors (7168K)
 Metaspace       used 111766K, capacity 113358K, committed 113532K, reserved 1148928K
  class space    used 13430K, capacity 13879K, committed 13948K, reserved 1048576K
GC Heap History (20 events):
Event: 499.145 GC heap after
{Heap after GC invocations=268 (full 0):
 garbage-first heap   total 321536K, used 118360K [0x00000000a0000000, 0x0000000100000000)
  region size 1024K, 10 young (10240K), 10 survivors (10240K)
 Metaspace       used 111671K, capacity 113224K, committed 113532K, reserved 1148928K
  class space    used 13429K, capacity 13878K, committed 13948K, reserved 1048576K
}
Event: 500.333 GC heap before
{Heap before GC invocations=269 (full 0):
 garbage-first heap   total 321536K, used 272984K [0x00000000a0000000, 0x0000000100000000)
  region size 1024K, 161 young (164864K), 10 survivors (10240K)
 Metaspace       used 111671K, capacity 113224K, committed 113532K, reserved 1148928K
  class space    used 13429K, capacity 13878K, committed 13948K, reserved 1048576K
}
Event: 500.377 GC heap after
{Heap after GC invocations=270 (full 0):
 garbage-first heap   total 321536K, used 117336K [0x00000000a0000000, 0x0000000100000000)
  region size 1024K, 9 young (9216K), 9 survivors (9216K)
 Metaspace       used 111671K, capacity 113224K, committed 113532K, reserved 1148928K
  class space    used 13429K, capacity 13878K, committed 13948K, reserved 1048576K
}
Event: 501.502 GC heap before
{Heap before GC invocations=270 (full 0):
 garbage-first heap   total 321536K, used 275032K [0x00000000a0000000, 0x0000000100000000)
  region size 1024K, 163 young (166912K), 9 survivors (9216K)
 Metaspace       used 111674K, capacity 113288K, committed 113532K, reserved 1148928K
  class space    used 13429K, capacity 13878K, committed 13948K, reserved 1048576K
}
Event: 501.541 GC heap after
{Heap after GC invocations=271 (full 0):
 garbage-first heap   total 321536K, used 118360K [0x00000000a0000000, 0x0000000100000000)
  region size 1024K, 10 young (10240K), 10 survivors (10240K)
 Metaspace       used 111674K, capacity 113288K, committed 113532K, reserved 1148928K
  class space    used 13429K, capacity 13878K, committed 13948K, reserved 1048576K
}
Event: 502.804 GC heap before
{Heap before GC invocations=272 (full 0):
 garbage-first heap   total 321536K, used 277080K [0x00000000a0000000, 0x0000000100000000)
  region size 1024K, 165 young (168960K), 10 survivors (10240K)
 Metaspace       used 111676K, capacity 113288K, committed 113532K, reserved 1148928K
  class space    used 13429K, capacity 13878K, committed 13948K, reserved 1048576K
}
Event: 502.855 GC heap after
{Heap after GC invocations=273 (full 0):
 garbage-first heap   total 321536K, used 120408K [0x00000000a0000000, 0x0000000100000000)
  region size 1024K, 12 young (12288K), 12 survivors (12288K)
 Metaspace       used 111676K, capacity 113288K, committed 113532K, reserved 1148928K
  class space    used 13429K, capacity 13878K, committed 13948K, reserved 1048576K
}
Event: 503.413 GC heap before
{Heap before GC invocations=273 (full 0):
 garbage-first heap   total 321536K, used 227928K [0x00000000a0000000, 0x0000000100000000)
  region size 1024K, 118 young (120832K), 12 survivors (12288K)
 Metaspace       used 111676K, capacity 113288K, committed 113532K, reserved 1148928K
  class space    used 13429K, capacity 13878K, committed 13948K, reserved 1048576K
}
Event: 503.465 GC heap after
{Heap after GC invocations=274 (full 0):
 garbage-first heap   total 371712K, used 121472K [0x00000000a0000000, 0x0000000100000000)
  region size 1024K, 12 young (12288K), 12 survivors (12288K)
 Metaspace       used 111676K, capacity 113288K, committed 113532K, reserved 1148928K
  class space    used 13429K, capacity 13878K, committed 13948K, reserved 1048576K
}
Event: 508.080 GC heap before
{Heap before GC invocations=275 (full 0):
 garbage-first heap   total 371712K, used 320128K [0x00000000a0000000, 0x0000000100000000)
  region size 1024K, 206 young (210944K), 12 survivors (12288K)
 Metaspace       used 111676K, capacity 113288K, committed 113532K, reserved 1148928K
  class space    used 13429K, capacity 13878K, committed 13948K, reserved 1048576K
}
Event: 508.114 GC heap after
{Heap after GC invocations=276 (full 0):
 garbage-first heap   total 371712K, used 116800K [0x00000000a0000000, 0x0000000100000000)
  region size 1024K, 7 young (7168K), 7 survivors (7168K)
 Metaspace       used 111676K, capacity 113288K, committed 113532K, reserved 1148928K
  class space    used 13429K, capacity 13878K, committed 13948K, reserved 1048576K
}
Event: 508.958 GC heap before
{Heap before GC invocations=276 (full 0):
 garbage-first heap   total 371712K, used 165952K [0x00000000a0000000, 0x0000000100000000)
  region size 1024K, 57 young (58368K), 7 survivors (7168K)
 Metaspace       used 111679K, capacity 113288K, committed 113532K, reserved 1148928K
  class space    used 13429K, capacity 13878K, committed 13948K, reserved 1048576K
}
Event: 509.000 GC heap after
{Heap after GC invocations=277 (full 0):
 garbage-first heap   total 371712K, used 120448K [0x00000000a0000000, 0x0000000100000000)
  region size 1024K, 11 young (11264K), 11 survivors (11264K)
 Metaspace       used 111679K, capacity 113288K, committed 113532K, reserved 1148928K
  class space    used 13429K, capacity 13878K, committed 13948K, reserved 1048576K
}
Event: 511.624 GC heap before
{Heap before GC invocations=278 (full 0):
 garbage-first heap   total 371712K, used 136832K [0x00000000a0000000, 0x0000000100000000)
  region size 1024K, 22 young (22528K), 11 survivors (11264K)
 Metaspace       used 111680K, capacity 113288K, committed 113532K, reserved 1148928K
  class space    used 13429K, capacity 13878K, committed 13948K, reserved 1048576K
}
Event: 511.711 GC heap after
{Heap after GC invocations=279 (full 0):
 garbage-first heap   total 371712K, used 112192K [0x00000000a0000000, 0x0000000100000000)
  region size 1024K, 3 young (3072K), 3 survivors (3072K)
 Metaspace       used 111680K, capacity 113288K, committed 113532K, reserved 1148928K
  class space    used 13429K, capacity 13878K, committed 13948K, reserved 1048576K
}
Event: 527.365 GC heap before
{Heap before GC invocations=280 (full 0):
 garbage-first heap   total 371712K, used 334400K [0x00000000a0000000, 0x0000000100000000)
  region size 1024K, 197 young (201728K), 3 survivors (3072K)
 Metaspace       used 111717K, capacity 113288K, committed 113532K, reserved 1148928K
  class space    used 13430K, capacity 13878K, committed 13948K, reserved 1048576K
}
Event: 529.596 GC heap after
{Heap after GC invocations=281 (full 0):
 garbage-first heap   total 429056K, used 218974K [0x00000000a0000000, 0x0000000100000000)
  region size 1024K, 25 young (25600K), 25 survivors (25600K)
 Metaspace       used 111717K, capacity 113288K, committed 113532K, reserved 1148928K
  class space    used 13430K, capacity 13878K, committed 13948K, reserved 1048576K
}
Event: 529.985 GC heap before
{Heap before GC invocations=281 (full 0):
 garbage-first heap   total 429056K, used 219998K [0x00000000a0000000, 0x0000000100000000)
  region size 1024K, 26 young (26624K), 25 survivors (25600K)
 Metaspace       used 111717K, capacity 113288K, committed 113532K, reserved 1148928K
  class space    used 13430K, capacity 13878K, committed 13948K, reserved 1048576K
}
Event: 530.405 GC heap after
{Heap after GC invocations=282 (full 0):
 garbage-first heap   total 429056K, used 219639K [0x00000000a0000000, 0x0000000100000000)
  region size 1024K, 1 young (1024K), 1 survivors (1024K)
 Metaspace       used 111717K, capacity 113288K, committed 113532K, reserved 1148928K
  class space    used 13430K, capacity 13878K, committed 13948K, reserved 1048576K
}
Event: 532.590 GC heap before
{Heap before GC invocations=282 (full 0):
 garbage-first heap   total 429056K, used 268791K [0x00000000a0000000, 0x0000000100000000)
  region size 1024K, 50 young (51200K), 1 survivors (1024K)
 Metaspace       used 111766K, capacity 113358K, committed 113532K, reserved 1148928K
  class space    used 13430K, capacity 13879K, committed 13948K, reserved 1048576K
}

