# JRE version: Java(TM) SE Runtime Environment (15.0.1+9) (build 15.0.1+9-18)
# Java VM: Java HotSpot(TM) 64-Bit Server VM (15.0.1+9-18, mixed mode, sharing, tiered, compressed oops, g1 gc, windows-amd64)
GC Precious Log:
 CPUs: 2 total, 2 available
 Memory: 7369M
 Large Page Support: Disabled
 NUMA Support: Disabled
 Compressed Oops: Enabled (32-bit)
 Heap Region Size: 1M
 Heap Min Capacity: 8M
 Heap Initial Capacity: 116M
 Heap Max Capacity: 1536M
 Pre-touch: Disabled
 Parallel Workers: 2
 Concurrent Workers: 1
 Concurrent Refinement Workers: 2
 Periodic GC: Disabled
Heap:
 garbage-first heap   total 181248K, used 142625K [0x00000000a0000000, 0x0000000100000000)
  region size 1024K, 49 young (50176K), 1 survivors (1024K)
 Metaspace       used 97213K, capacity 98591K, committed 98940K, reserved 1136640K
  class space    used 12155K, capacity 12549K, committed 12668K, reserved 1048576K
GC Heap History (20 events):
Event: 219.340 GC heap before
{Heap before GC invocations=66 (full 0):
 garbage-first heap   total 167936K, used 133120K [0x00000000a0000000, 0x0000000100000000)
  region size 1024K, 33 young (33792K), 2 survivors (2048K)
 Metaspace       used 87076K, capacity 88424K, committed 88572K, reserved 1126400K
  class space    used 10828K, capacity 11193K, committed 11260K, reserved 1048576K
}
Event: 219.373 GC heap after
{Heap after GC invocations=67 (full 0):
 garbage-first heap   total 167936K, used 103355K [0x00000000a0000000, 0x0000000100000000)
  region size 1024K, 4 young (4096K), 4 survivors (4096K)
 Metaspace       used 87076K, capacity 88424K, committed 88572K, reserved 1126400K
  class space    used 10828K, capacity 11193K, committed 11260K, reserved 1048576K
}
Event: 230.362 GC heap before
{Heap before GC invocations=68 (full 0):
 garbage-first heap   total 174080K, used 135099K [0x00000000a0000000, 0x0000000100000000)
  region size 1024K, 36 young (36864K), 4 survivors (4096K)
 Metaspace       used 87566K, capacity 88948K, committed 89212K, reserved 1126400K
  class space    used 10846K, capacity 11259K, committed 11388K, reserved 1048576K
}
Event: 230.411 GC heap after
{Heap after GC invocations=69 (full 0):
 garbage-first heap   total 174080K, used 105156K [0x00000000a0000000, 0x0000000100000000)
  region size 1024K, 4 young (4096K), 4 survivors (4096K)
 Metaspace       used 87566K, capacity 88948K, committed 89212K, reserved 1126400K
  class space    used 10846K, capacity 11259K, committed 11388K, reserved 1048576K
}
Event: 234.789 GC heap before
{Heap before GC invocations=69 (full 0):
 garbage-first heap   total 174080K, used 142020K [0x00000000a0000000, 0x0000000100000000)
  region size 1024K, 41 young (41984K), 4 survivors (4096K)
 Metaspace       used 87604K, capacity 88948K, committed 89212K, reserved 1126400K
  class space    used 10849K, capacity 11259K, committed 11388K, reserved 1048576K
}
Event: 234.820 GC heap after
{Heap after GC invocations=70 (full 0):
 garbage-first heap   total 174080K, used 106783K [0x00000000a0000000, 0x0000000100000000)
  region size 1024K, 4 young (4096K), 4 survivors (4096K)
 Metaspace       used 87604K, capacity 88948K, committed 89212K, reserved 1126400K
  class space    used 10849K, capacity 11259K, committed 11388K, reserved 1048576K
}
Event: 240.676 GC heap before
{Heap before GC invocations=71 (full 0):
 garbage-first heap   total 181248K, used 143647K [0x00000000a0000000, 0x0000000100000000)
  region size 1024K, 41 young (41984K), 4 survivors (4096K)
 Metaspace       used 91016K, capacity 92388K, committed 92668K, reserved 1130496K
  class space    used 11327K, capacity 11744K, committed 11772K, reserved 1048576K
}
Event: 240.717 GC heap after
{Heap after GC invocations=72 (full 0):
 garbage-first heap   total 181248K, used 111958K [0x00000000a0000000, 0x0000000100000000)
  region size 1024K, 6 young (6144K), 6 survivors (6144K)
 Metaspace       used 91016K, capacity 92388K, committed 92668K, reserved 1130496K
  class space    used 11327K, capacity 11744K, committed 11772K, reserved 1048576K
}
Event: 240.779 GC heap before
{Heap before GC invocations=72 (full 0):
 garbage-first heap   total 181248K, used 114006K [0x00000000a0000000, 0x0000000100000000)
  region size 1024K, 8 young (8192K), 6 survivors (6144K)
 Metaspace       used 91167K, capacity 92581K, committed 92668K, reserved 1130496K
  class space    used 11342K, capacity 11744K, committed 11772K, reserved 1048576K
}
Event: 240.856 GC heap after
{Heap after GC invocations=73 (full 0):
 garbage-first heap   total 181248K, used 102383K [0x00000000a0000000, 0x0000000100000000)
  region size 1024K, 1 young (1024K), 1 survivors (1024K)
 Metaspace       used 91167K, capacity 92581K, committed 92668K, reserved 1130496K
  class space    used 11342K, capacity 11744K, committed 11772K, reserved 1048576K
}
Event: 247.151 GC heap before
{Heap before GC invocations=73 (full 0):
 garbage-first heap   total 181248K, used 147439K [0x00000000a0000000, 0x0000000100000000)
  region size 1024K, 45 young (46080K), 1 survivors (1024K)
 Metaspace       used 96034K, capacity 97411K, committed 97532K, reserved 1134592K
  class space    used 12044K, capacity 12458K, committed 12540K, reserved 1048576K
}
Event: 247.183 GC heap after
{Heap after GC invocations=74 (full 0):
 garbage-first heap   total 181248K, used 104269K [0x00000000a0000000, 0x0000000100000000)
  region size 1024K, 3 young (3072K), 3 survivors (3072K)
 Metaspace       used 96034K, capacity 97411K, committed 97532K, reserved 1134592K
  class space    used 12044K, capacity 12458K, committed 12540K, reserved 1048576K
}
Event: 252.683 GC heap before
{Heap before GC invocations=75 (full 0):
 garbage-first heap   total 181248K, used 149325K [0x00000000a0000000, 0x0000000100000000)
  region size 1024K, 47 young (48128K), 3 survivors (3072K)
 Metaspace       used 96502K, capacity 97875K, committed 98044K, reserved 1134592K
  class space    used 12078K, capacity 12482K, committed 12540K, reserved 1048576K
}
Event: 252.704 GC heap after
{Heap after GC invocations=76 (full 0):
 garbage-first heap   total 181248K, used 105173K [0x00000000a0000000, 0x0000000100000000)
  region size 1024K, 4 young (4096K), 4 survivors (4096K)
 Metaspace       used 96502K, capacity 97875K, committed 98044K, reserved 1134592K
  class space    used 12078K, capacity 12482K, committed 12540K, reserved 1048576K
}
Event: 253.058 GC heap before
{Heap before GC invocations=76 (full 0):
 garbage-first heap   total 181248K, used 109269K [0x00000000a0000000, 0x0000000100000000)
  region size 1024K, 8 young (8192K), 4 survivors (4096K)
 Metaspace       used 96713K, capacity 98006K, committed 98300K, reserved 1134592K
  class space    used 12102K, capacity 12483K, committed 12540K, reserved 1048576K
}
Event: 253.113 GC heap after
{Heap after GC invocations=77 (full 0):
 garbage-first heap   total 181248K, used 90237K [0x00000000a0000000, 0x0000000100000000)
  region size 1024K, 1 young (1024K), 1 survivors (1024K)
 Metaspace       used 96713K, capacity 98006K, committed 98300K, reserved 1134592K
  class space    used 12102K, capacity 12483K, committed 12540K, reserved 1048576K
}
Event: 256.146 GC heap before
{Heap before GC invocations=77 (full 0):
 garbage-first heap   total 181248K, used 148605K [0x00000000a0000000, 0x0000000100000000)
  region size 1024K, 58 young (59392K), 1 survivors (1024K)
 Metaspace       used 97067K, capacity 98428K, committed 98684K, reserved 1134592K
  class space    used 12145K, capacity 12516K, committed 12668K, reserved 1048576K
}
Event: 256.174 GC heap after
{Heap after GC invocations=78 (full 0):
 garbage-first heap   total 181248K, used 94447K [0x00000000a0000000, 0x0000000100000000)
  region size 1024K, 5 young (5120K), 5 survivors (5120K)
 Metaspace       used 97067K, capacity 98428K, committed 98684K, reserved 1134592K
  class space    used 12145K, capacity 12516K, committed 12668K, reserved 1048576K
}
Event: 259.321 GC heap before
{Heap before GC invocations=79 (full 0):
 garbage-first heap   total 181248K, used 148719K [0x00000000a0000000, 0x0000000100000000)
  region size 1024K, 58 young (59392K), 5 survivors (5120K)
 Metaspace       used 97147K, capacity 98495K, committed 98684K, reserved 1134592K
  class space    used 12147K, capacity 12517K, committed 12668K, reserved 1048576K
}
Event: 259.340 GC heap after
{Heap after GC invocations=80 (full 0):
 garbage-first heap   total 181248K, used 94497K [0x00000000a0000000, 0x0000000100000000)
  region size 1024K, 1 young (1024K), 1 survivors (1024K)
 Metaspace       used 97147K, capacity 98495K, committed 98684K, reserved 1134592K
  class space    used 12147K, capacity 12517K, committed 12668K, reserved 1048576K
}

