# JRE version: Java(TM) SE Runtime Environment (15.0.1+9) (build 15.0.1+9-18)
# Java VM: Java HotSpot(TM) 64-Bit Server VM (15.0.1+9-18, mixed mode, sharing, tiered, compressed oops, g1 gc, windows-amd64)
GC Precious Log:
 CPUs: 2 total, 2 available
 Memory: 7369M
 Large Page Support: Disabled
 NUMA Support: Disabled
 Compressed Oops: Enabled (32-bit)
 Heap Region Size: 1M
 Heap Min Capacity: 8M
 Heap Initial Capacity: 116M
 Heap Max Capacity: 1536M
 Pre-touch: Disabled
 Parallel Workers: 2
 Concurrent Workers: 1
 Concurrent Refinement Workers: 2
 Periodic GC: Disabled
Heap:
 garbage-first heap   total 405504K, used 262219K [0x00000000a0000000, 0x0000000100000000)
  region size 1024K, 5 young (5120K), 5 survivors (5120K)
 Metaspace       used 103682K, capacity 104963K, committed 105216K, reserved 1140736K
  class space    used 12852K, capacity 13259K, committed 13312K, reserved 1048576K
GC Heap History (20 events):
Event: 301.262 GC heap before
{Heap before GC invocations=193 (full 0):
 garbage-first heap   total 305152K, used 272139K [0x00000000a0000000, 0x0000000100000000)
  region size 1024K, 16 young (16384K), 1 survivors (1024K)
 Metaspace       used 103673K, capacity 104963K, committed 105216K, reserved 1140736K
  class space    used 12852K, capacity 13259K, committed 13312K, reserved 1048576K
}
Event: 301.282 GC heap after
{Heap after GC invocations=194 (full 0):
 garbage-first heap   total 305152K, used 257057K [0x00000000a0000000, 0x0000000100000000)
  region size 1024K, 2 young (2048K), 2 survivors (2048K)
 Metaspace       used 103673K, capacity 104963K, committed 105216K, reserved 1140736K
  class space    used 12852K, capacity 13259K, committed 13312K, reserved 1048576K
}
Event: 301.537 GC heap before
{Heap before GC invocations=194 (full 0):
 garbage-first heap   total 305152K, used 271393K [0x00000000a0000000, 0x0000000100000000)
  region size 1024K, 16 young (16384K), 2 survivors (2048K)
 Metaspace       used 103673K, capacity 104963K, committed 105216K, reserved 1140736K
  class space    used 12852K, capacity 13259K, committed 13312K, reserved 1048576K
}
Event: 301.545 GC heap after
{Heap after GC invocations=195 (full 0):
 garbage-first heap   total 305152K, used 257279K [0x00000000a0000000, 0x0000000100000000)
  region size 1024K, 2 young (2048K), 2 survivors (2048K)
 Metaspace       used 103673K, capacity 104963K, committed 105216K, reserved 1140736K
  class space    used 12852K, capacity 13259K, committed 13312K, reserved 1048576K
}
Event: 301.804 GC heap before
{Heap before GC invocations=195 (full 0):
 garbage-first heap   total 305152K, used 270591K [0x00000000a0000000, 0x0000000100000000)
  region size 1024K, 15 young (15360K), 2 survivors (2048K)
 Metaspace       used 103673K, capacity 104963K, committed 105216K, reserved 1140736K
  class space    used 12852K, capacity 13259K, committed 13312K, reserved 1048576K
}
Event: 301.811 GC heap after
{Heap after GC invocations=196 (full 0):
 garbage-first heap   total 305152K, used 257403K [0x00000000a0000000, 0x0000000100000000)
  region size 1024K, 2 young (2048K), 2 survivors (2048K)
 Metaspace       used 103673K, capacity 104963K, committed 105216K, reserved 1140736K
  class space    used 12852K, capacity 13259K, committed 13312K, reserved 1048576K
}
Event: 302.004 GC heap before
{Heap before GC invocations=196 (full 0):
 garbage-first heap   total 305152K, used 270715K [0x00000000a0000000, 0x0000000100000000)
  region size 1024K, 15 young (15360K), 2 survivors (2048K)
 Metaspace       used 103673K, capacity 104963K, committed 105216K, reserved 1140736K
  class space    used 12852K, capacity 13259K, committed 13312K, reserved 1048576K
}
Event: 302.012 GC heap after
{Heap after GC invocations=197 (full 0):
 garbage-first heap   total 305152K, used 257738K [0x00000000a0000000, 0x0000000100000000)
  region size 1024K, 2 young (2048K), 2 survivors (2048K)
 Metaspace       used 103673K, capacity 104963K, committed 105216K, reserved 1140736K
  class space    used 12852K, capacity 13259K, committed 13312K, reserved 1048576K
}
Event: 302.220 GC heap before
{Heap before GC invocations=197 (full 0):
 garbage-first heap   total 305152K, used 271050K [0x00000000a0000000, 0x0000000100000000)
  region size 1024K, 15 young (15360K), 2 survivors (2048K)
 Metaspace       used 103675K, capacity 104963K, committed 105216K, reserved 1140736K
  class space    used 12852K, capacity 13259K, committed 13312K, reserved 1048576K
}
Event: 302.231 GC heap after
{Heap after GC invocations=198 (full 0):
 garbage-first heap   total 356352K, used 257937K [0x00000000a0000000, 0x0000000100000000)
  region size 1024K, 2 young (2048K), 2 survivors (2048K)
 Metaspace       used 103675K, capacity 104963K, committed 105216K, reserved 1140736K
  class space    used 12852K, capacity 13259K, committed 13312K, reserved 1048576K
}
Event: 303.009 GC heap before
{Heap before GC invocations=198 (full 0):
 garbage-first heap   total 356352K, used 316305K [0x00000000a0000000, 0x0000000100000000)
  region size 1024K, 59 young (60416K), 2 survivors (2048K)
 Metaspace       used 103675K, capacity 104963K, committed 105216K, reserved 1140736K
  class space    used 12852K, capacity 13259K, committed 13312K, reserved 1048576K
}
Event: 303.017 GC heap after
{Heap after GC invocations=199 (full 0):
 garbage-first heap   total 356352K, used 258450K [0x00000000a0000000, 0x0000000100000000)
  region size 1024K, 2 young (2048K), 2 survivors (2048K)
 Metaspace       used 103675K, capacity 104963K, committed 105216K, reserved 1140736K
  class space    used 12852K, capacity 13259K, committed 13312K, reserved 1048576K
}
Event: 303.700 GC heap before
{Heap before GC invocations=199 (full 0):
 garbage-first heap   total 356352K, used 316818K [0x00000000a0000000, 0x0000000100000000)
  region size 1024K, 59 young (60416K), 2 survivors (2048K)
 Metaspace       used 103675K, capacity 104963K, committed 105216K, reserved 1140736K
  class space    used 12852K, capacity 13259K, committed 13312K, reserved 1048576K
}
Event: 303.712 GC heap after
{Heap after GC invocations=200 (full 0):
 garbage-first heap   total 356352K, used 258740K [0x00000000a0000000, 0x0000000100000000)
  region size 1024K, 2 young (2048K), 2 survivors (2048K)
 Metaspace       used 103675K, capacity 104963K, committed 105216K, reserved 1140736K
  class space    used 12852K, capacity 13259K, committed 13312K, reserved 1048576K
}
Event: 304.616 GC heap before
{Heap before GC invocations=200 (full 0):
 garbage-first heap   total 356352K, used 317108K [0x00000000a0000000, 0x0000000100000000)
  region size 1024K, 59 young (60416K), 2 survivors (2048K)
 Metaspace       used 103675K, capacity 104963K, committed 105216K, reserved 1140736K
  class space    used 12852K, capacity 13259K, committed 13312K, reserved 1048576K
}
Event: 304.632 GC heap after
{Heap after GC invocations=201 (full 0):
 garbage-first heap   total 356352K, used 260180K [0x00000000a0000000, 0x0000000100000000)
  region size 1024K, 4 young (4096K), 4 survivors (4096K)
 Metaspace       used 103675K, capacity 104963K, committed 105216K, reserved 1140736K
  class space    used 12852K, capacity 13259K, committed 13312K, reserved 1048576K
}
Event: 305.198 GC heap before
{Heap before GC invocations=201 (full 0):
 garbage-first heap   total 356352K, used 315476K [0x00000000a0000000, 0x0000000100000000)
  region size 1024K, 58 young (59392K), 4 survivors (4096K)
 Metaspace       used 103677K, capacity 104963K, committed 105216K, reserved 1140736K
  class space    used 12852K, capacity 13259K, committed 13312K, reserved 1048576K
}
Event: 305.216 GC heap after
{Heap after GC invocations=202 (full 0):
 garbage-first heap   total 356352K, used 260788K [0x00000000a0000000, 0x0000000100000000)
  region size 1024K, 4 young (4096K), 4 survivors (4096K)
 Metaspace       used 103677K, capacity 104963K, committed 105216K, reserved 1140736K
  class space    used 12852K, capacity 13259K, committed 13312K, reserved 1048576K
}
Event: 305.748 GC heap before
{Heap before GC invocations=202 (full 0):
 garbage-first heap   total 356352K, used 316084K [0x00000000a0000000, 0x0000000100000000)
  region size 1024K, 58 young (59392K), 4 survivors (4096K)
 Metaspace       used 103680K, capacity 104963K, committed 105216K, reserved 1140736K
  class space    used 12852K, capacity 13259K, committed 13312K, reserved 1048576K
}
Event: 305.767 GC heap after
{Heap after GC invocations=203 (full 0):
 garbage-first heap   total 356352K, used 261812K [0x00000000a0000000, 0x0000000100000000)
  region size 1024K, 5 young (5120K), 5 survivors (5120K)
 Metaspace       used 103680K, capacity 104963K, committed 105216K, reserved 1140736K
  class space    used 12852K, capacity 13259K, committed 13312K, reserved 1048576K
}

